<?xml version="1.0" encoding="UTF-8"?>
<!-- Generated by org.testng.reporters.JUnitReportReporter -->
<testsuite hostname="DESKTOP-LUMDFJJ" failures="0" tests="1" name="TestRunDLPFlow.RunExcelCompare" time="6.904" errors="0" timestamp="12 Mar 2021 18:37:47 GMT" skipped="0">
  <testcase classname="TestRunDLPFlow.RunExcelCompare" name="RunExcelCompare1" time="6.904"/>
</testsuite> <!-- TestRunDLPFlow.RunExcelCompare -->
