<?xml version="1.0" encoding="UTF-8"?>
<!-- Generated by org.testng.reporters.JUnitReportReporter -->
<testsuite hostname="DESKTOP-LUMDFJJ" failures="0" tests="1" name="DLPFlow.InitiateBrowser" time="17.344" errors="0" timestamp="03 Mar 2021 15:40:19 GMT" skipped="0">
  <testcase classname="DLPFlow.InitiateBrowser" name="Setup" time="17.344"/>
</testsuite> <!-- DLPFlow.InitiateBrowser -->
