<?xml version="1.0" encoding="UTF-8"?>
<!-- Generated by org.testng.reporters.JUnitReportReporter -->
<testsuite hostname="DESKTOP-LUMDFJJ" failures="0" tests="1" name="TestRunDLPFlow.RunTestCase1" time="6.720" errors="0" timestamp="03 Mar 2021 18:15:33 GMT" skipped="0">
  <testcase classname="TestRunDLPFlow.RunTestCase1" name="RunTest1" time="6.720"/>
</testsuite> <!-- TestRunDLPFlow.RunTestCase1 -->
