<?xml version="1.0" encoding="UTF-8"?>
<!-- Generated by org.testng.reporters.JUnitReportReporter -->
<testsuite hostname="DESKTOP-LUMDFJJ" failures="0" tests="1" name="TestRunDLPFlow.RunTestCase2" time="5.829" errors="0" timestamp="03 Mar 2021 18:15:33 GMT" skipped="0">
  <testcase classname="TestRunDLPFlow.RunTestCase2" name="RunTest2" time="5.829"/>
</testsuite> <!-- TestRunDLPFlow.RunTestCase2 -->
