<?xml version="1.0" encoding="UTF-8"?>
<!-- Generated by org.testng.reporters.JUnitReportReporter -->
<testsuite hostname="DESKTOP-LUMDFJJ" failures="0" tests="1" name="TestRunDLPFlow.RunExcelCompareForNewOldCheck" time="8.084" errors="0" timestamp="14 Mar 2021 17:20:00 GMT" skipped="0">
  <testcase classname="TestRunDLPFlow.RunExcelCompareForNewOldCheck" name="RunExcelCompareForNewOldCheck1" time="8.084"/>
</testsuite> <!-- TestRunDLPFlow.RunExcelCompareForNewOldCheck -->
