<?xml version="1.0" encoding="UTF-8"?>
<!-- Generated by org.testng.reporters.JUnitReportReporter -->
<testsuite hostname="DESKTOP-LUMDFJJ" failures="0" tests="1" name="DLPFlow.Test1" time="0.002" errors="0" timestamp="03 Mar 2021 15:40:19 GMT" skipped="0">
  <testcase classname="DLPFlow.Test1" name="hello" time="0.002"/>
</testsuite> <!-- DLPFlow.Test1 -->
